<?xml version="1.0" encoding="UTF-8"?>
<!-- Generated by org.testng.reporters.JUnitReportReporter -->
<testsuite hostname="DESKTOP-4418F88" failures="0" tests="3" name="testCases.LoginPageTest" time="15.126" errors="0" timestamp="2024-04-19T19:40:54 IST" skipped="0">
  <testcase classname="testCases.LoginPageTest" name="verifyURLOfApplicationTest" time="3.760"/>
  <testcase classname="testCases.LoginPageTest" name="loginToApplicationTest" time="7.989"/>
  <testcase classname="testCases.LoginPageTest" name="verifyTitleOfApplicationTest" time="3.377"/>
</testsuite> <!-- testCases.LoginPageTest -->
