<?xml version="1.0" encoding="UTF-8"?>
<!-- Generated by org.testng.reporters.JUnitReportReporter -->
<testsuite hostname="DESKTOP-4418F88" failures="0" tests="8" name="testCases.Inventory_Page_Test" time="24.152" errors="0" timestamp="2024-04-18T19:16:00 IST" skipped="0">
  <testcase classname="testCases.Inventory_Page_Test" name="verifyURLofInventoryPageTest" time="2.230">
    <system-out>
      <![CDATA[URL of Inventory Page is = https://www.saucedemo.com/inventory.html]]>
    </system-out>
  </testcase> <!-- verifyURLofInventoryPageTest -->
  <testcase classname="testCases.Inventory_Page_Test" name="verifyAppLogoOfApplicationTest" time="2.646">
    <system-out>
      <![CDATA[Logo of Inventory Page is = Swag Labs]]>
    </system-out>
  </testcase> <!-- verifyAppLogoOfApplicationTest -->
  <testcase classname="testCases.Inventory_Page_Test" name="verifyMenuBtnTest" time="2.561">
    <system-out>
      <![CDATA[Menu Btn is Present = true]]>
    </system-out>
  </testcase> <!-- verifyMenuBtnTest -->
  <testcase classname="testCases.Inventory_Page_Test" name="verifyTitleOfInventoryPageTest" time="3.650">
    <system-out>
      <![CDATA[Title of Inventory Page is = Products]]>
    </system-out>
  </testcase> <!-- verifyTitleOfInventoryPageTest -->
  <testcase classname="testCases.Inventory_Page_Test" name="verifyTwitterLogoTest" time="2.391">
    <system-out>
      <![CDATA[Twitter Logo is Present = true]]>
    </system-out>
  </testcase> <!-- verifyTwitterLogoTest -->
  <testcase classname="testCases.Inventory_Page_Test" name="verifyFacebookLogoTest" time="2.450">
    <system-out>
      <![CDATA[Facebook Logo is Present = true]]>
    </system-out>
  </testcase> <!-- verifyFacebookLogoTest -->
  <testcase classname="testCases.Inventory_Page_Test" name="verifyLinkedinLogoTest" time="5.766">
    <system-out>
      <![CDATA[Linkedin Logo is Present = true]]>
    </system-out>
  </testcase> <!-- verifyLinkedinLogoTest -->
  <testcase classname="testCases.Inventory_Page_Test" name="verifyFooterTxtTest" time="2.458">
    <system-out>
      <![CDATA[The Footer Text Is Present = © 2024 Sauce Labs. All Rights Reserved. Terms of Service | Privacy Policy]]>
    </system-out>
  </testcase> <!-- verifyFooterTxtTest -->
  <system-out>
    <![CDATA[The URL of BackBtn is = https://www.saucedemo.com/inventory.html
The Text is Present = Your order has been dispatched, and will arrive just as fast as the pony can get there!
Image is Present = true
The Logo of FinishPage is = Swag Labs
The Title of FinishPage is = Checkout: Complete!
The URL of FinishPage is = https://www.saucedemo.com/checkout-complete.html
The Text is Present = Thank you for your order!
The URL of CancelBtn is = https://www.saucedemo.com/inventory.html
The Description Text is Present = Description
The URL of FinishBtn is = https://www.saucedemo.com/checkout-complete.html
The QTY Text is Present = QTY
The Logo of CheckoutPage2 is = Swag Labs
The Title of CheckoutPage2 is = Checkout: Overview
The URL of CheckoutPage2 is = https://www.saucedemo.com/checkout-step-two.html
The Text is Present = Payment Information:
The Text is Present = Shipping Information:
The Text is Present = Price Total
The URL of CancelBtn is = https://www.saucedemo.com/cart.html
The Logo of CheckoutPage1 is = Swag Labs
CheckoutPage1MenuBtn is Present = true
The Title of CheckoutPage1 is = Checkout: Your Information
The URL of CheckoutPage1 is = https://www.saucedemo.com/checkout-step-one.html
The URL of ContinueBtn is = https://www.saucedemo.com/checkout-step-two.html
The Logo of CartPage is = Swag Labs
The URL of CartPage is = https://www.saucedemo.com/cart.html
The URL of Checkout Btn is = https://www.saucedemo.com/checkout-step-one.html
The URL of Continue Shopping Btn is = https://www.saucedemo.com/inventory.html
The Description Text is Present = Description
The Title of CartPage is = Your Cart
The QTY Text is Present = QTY
Menu Btn is Present = true
URL of Inventory Page is = https://www.saucedemo.com/inventory.html
Logo of Inventory Page is = Swag Labs
Menu Btn is Present = true
Title of Inventory Page is = Products
Twitter Logo is Present = true
Facebook Logo is Present = true
Linkedin Logo is Present = true
The Footer Text Is Present = © 2024 Sauce Labs. All Rights Reserved. Terms of Service | Privacy Policy]]>
  </system-out>
</testsuite> <!-- testCases.Inventory_Page_Test -->
